580012334ee1	0.04%	16.99MiB / 15.3GiB	12.1MB / 12.3MB	1703063209.928907164	1
580012334ee1	0.06%	16.99MiB / 15.3GiB	12.1MB / 12.3MB	1703063210.030021607	2
580012334ee1	0.06%	16.99MiB / 15.3GiB	12.1MB / 12.3MB	1703063210.437801229	6
580012334ee1	0.06%	16.99MiB / 15.3GiB	12.1MB / 12.3MB	1703063210.540066827	7
580012334ee1	0.06%	16.99MiB / 15.3GiB	12.1MB / 12.3MB	1703063210.641937869	8
580012334ee1	0.06%	16.99MiB / 15.3GiB	12.1MB / 12.3MB	1703063210.336033586	5
580012334ee1	0.06%	16.99MiB / 15.3GiB	12.1MB / 12.3MB	1703063210.132220680	3
580012334ee1	0.06%	16.99MiB / 15.3GiB	12.1MB / 12.3MB	1703063210.234395480	4
580012334ee1	0.06%	16.99MiB / 15.3GiB	12.1MB / 12.3MB	1703063210.846064757	10
580012334ee1	0.06%	16.99MiB / 15.3GiB	12.1MB / 12.3MB	1703063210.744153081	9
580012334ee1	0.40%	15.91MiB / 15.3GiB	12.1MB / 12.3MB	1703063211.764439738	19
580012334ee1	0.40%	15.91MiB / 15.3GiB	12.1MB / 12.3MB	1703063211.662234741	18
580012334ee1	0.40%	15.91MiB / 15.3GiB	12.1MB / 12.3MB	1703063211.560371835	17
580012334ee1	0.40%	15.91MiB / 15.3GiB	12.1MB / 12.3MB	1703063211.866457938	20
580012334ee1	0.40%	15.91MiB / 15.3GiB	12.1MB / 12.3MB	1703063211.152021548	13
580012334ee1	0.40%	15.91MiB / 15.3GiB	12.1MB / 12.3MB	1703063211.254192223	14
580012334ee1	0.40%	15.91MiB / 15.3GiB	12.1MB / 12.3MB	1703063211.457419083	16
580012334ee1	0.40%	15.91MiB / 15.3GiB	12.1MB / 12.3MB	1703063210.948299683	11
580012334ee1	0.40%	15.91MiB / 15.3GiB	12.1MB / 12.3MB	1703063211.356410355	15
580012334ee1	0.40%	15.91MiB / 15.3GiB	12.1MB / 12.3MB	1703063211.050232922	12
580012334ee1	0.04%	15.91MiB / 15.3GiB	12.1MB / 12.3MB	1703063212.579987055	27
580012334ee1	0.04%	15.91MiB / 15.3GiB	12.1MB / 12.3MB	1703063212.275078023	24
580012334ee1	0.04%	15.91MiB / 15.3GiB	12.1MB / 12.3MB	1703063212.377108144	25
580012334ee1	0.04%	15.91MiB / 15.3GiB	12.1MB / 12.3MB	1703063212.070833745	22
580012334ee1	0.04%	15.91MiB / 15.3GiB	12.1MB / 12.3MB	1703063212.479755014	26
580012334ee1	0.04%	15.91MiB / 15.3GiB	12.1MB / 12.3MB	1703063211.968625756	21
580012334ee1	0.04%	15.91MiB / 15.3GiB	12.1MB / 12.3MB	1703063212.681503565	28
580012334ee1	0.04%	15.91MiB / 15.3GiB	12.1MB / 12.3MB	1703063212.783325508	29
580012334ee1	0.04%	15.91MiB / 15.3GiB	12.1MB / 12.3MB	1703063212.883624326	30
580012334ee1	0.04%	15.91MiB / 15.3GiB	12.1MB / 12.3MB	1703063212.172796877	23
580012334ee1	0.03%	15.91MiB / 15.3GiB	12.1MB / 12.3MB	1703063213.089074803	32
580012334ee1	0.03%	15.91MiB / 15.3GiB	12.1MB / 12.3MB	1703063213.599870144	37
580012334ee1	0.03%	15.91MiB / 15.3GiB	12.1MB / 12.3MB	1703063213.701926661	38
580012334ee1	0.03%	15.91MiB / 15.3GiB	12.1MB / 12.3MB	1703063213.804313764	39
580012334ee1	0.03%	15.91MiB / 15.3GiB	12.1MB / 12.3MB	1703063213.497879819	36
580012334ee1	0.03%	15.91MiB / 15.3GiB	12.1MB / 12.3MB	1703063213.906282547	40
580012334ee1	0.03%	15.91MiB / 15.3GiB	12.1MB / 12.3MB	1703063212.986722830	31
580012334ee1	0.03%	15.91MiB / 15.3GiB	12.1MB / 12.3MB	1703063213.191714408	33
580012334ee1	0.03%	15.91MiB / 15.3GiB	12.1MB / 12.3MB	1703063213.293432461	34
580012334ee1	0.03%	15.91MiB / 15.3GiB	12.1MB / 12.3MB	1703063213.395518447	35
580012334ee1	0.24%	14.55MiB / 15.3GiB	12.1MB / 12.3MB	1703063214.926252241	50
580012334ee1	0.24%	14.55MiB / 15.3GiB	12.1MB / 12.3MB	1703063214.620518938	47
580012334ee1	0.24%	14.55MiB / 15.3GiB	12.1MB / 12.3MB	1703063214.314807564	44
580012334ee1	0.24%	14.55MiB / 15.3GiB	12.1MB / 12.3MB	1703063214.518561332	46
580012334ee1	0.24%	14.55MiB / 15.3GiB	12.1MB / 12.3MB	1703063214.722303992	48
580012334ee1	0.24%	14.55MiB / 15.3GiB	12.1MB / 12.3MB	1703063214.824463186	49
580012334ee1	0.24%	14.55MiB / 15.3GiB	12.1MB / 12.3MB	1703063214.212911076	43
580012334ee1	0.24%	14.55MiB / 15.3GiB	12.1MB / 12.3MB	1703063214.110704152	42
580012334ee1	0.24%	14.55MiB / 15.3GiB	12.1MB / 12.3MB	1703063214.008665607	41
580012334ee1	0.24%	14.55MiB / 15.3GiB	12.1MB / 12.3MB	1703063214.416465147	45
580012334ee1	0.60%	16.96MiB / 15.3GiB	12.2MB / 12.4MB	1703063215.130017117	52
580012334ee1	0.60%	16.96MiB / 15.3GiB	12.2MB / 12.4MB	1703063215.028156948	51
580012334ee1	0.60%	16.96MiB / 15.3GiB	12.2MB / 12.4MB	1703063215.639755919	57
580012334ee1	0.60%	16.96MiB / 15.3GiB	12.2MB / 12.4MB	1703063215.537945298	56
580012334ee1	0.60%	16.96MiB / 15.3GiB	12.2MB / 12.4MB	1703063215.334321640	54
580012334ee1	0.60%	16.96MiB / 15.3GiB	12.2MB / 12.4MB	1703063215.435946093	55
580012334ee1	0.60%	16.96MiB / 15.3GiB	12.2MB / 12.4MB	1703063215.946262751	60
580012334ee1	0.60%	16.96MiB / 15.3GiB	12.2MB / 12.4MB	1703063215.843734950	59
580012334ee1	0.60%	16.96MiB / 15.3GiB	12.2MB / 12.4MB	1703063215.232165662	53
580012334ee1	0.60%	16.96MiB / 15.3GiB	12.2MB / 12.4MB	1703063215.741945648	58
580012334ee1	0.14%	16.96MiB / 15.3GiB	12.2MB / 12.4MB	1703063216.962656943	70
580012334ee1	0.14%	16.96MiB / 15.3GiB	12.2MB / 12.4MB	1703063216.761815865	68
580012334ee1	0.14%	16.96MiB / 15.3GiB	12.2MB / 12.4MB	1703063216.455556428	65
580012334ee1	0.14%	16.96MiB / 15.3GiB	12.2MB / 12.4MB	1703063216.659711711	67
580012334ee1	0.14%	16.96MiB / 15.3GiB	12.2MB / 12.4MB	1703063216.149696375	62
580012334ee1	0.14%	16.96MiB / 15.3GiB	12.2MB / 12.4MB	1703063216.047857047	61
580012334ee1	0.14%	16.96MiB / 15.3GiB	12.2MB / 12.4MB	1703063216.557855002	66
580012334ee1	0.14%	16.96MiB / 15.3GiB	12.2MB / 12.4MB	1703063216.861885199	69
580012334ee1	0.14%	16.96MiB / 15.3GiB	12.2MB / 12.4MB	1703063216.353935946	64
580012334ee1	0.14%	16.96MiB / 15.3GiB	12.2MB / 12.4MB	1703063216.251775355	63
580012334ee1	0.07%	16.96MiB / 15.3GiB	12.2MB / 12.4MB	1703063217.781111407	78
580012334ee1	0.07%	16.96MiB / 15.3GiB	12.2MB / 12.4MB	1703063217.475144463	75
580012334ee1	0.07%	16.96MiB / 15.3GiB	12.2MB / 12.4MB	1703063217.883207364	79
580012334ee1	0.07%	16.96MiB / 15.3GiB	12.2MB / 12.4MB	1703063217.372996287	74
580012334ee1	0.07%	16.96MiB / 15.3GiB	12.2MB / 12.4MB	1703063217.270620098	73
580012334ee1	0.07%	16.96MiB / 15.3GiB	12.2MB / 12.4MB	1703063217.679049311	77
580012334ee1	0.07%	16.96MiB / 15.3GiB	12.2MB / 12.4MB	1703063217.168178954	72
580012334ee1	0.07%	16.96MiB / 15.3GiB	12.2MB / 12.4MB	1703063217.065745433	71
580012334ee1	0.07%	16.96MiB / 15.3GiB	12.2MB / 12.4MB	1703063217.577044075	76
580012334ee1	0.78%	17.04MiB / 15.3GiB	12.4MB / 12.7MB	1703063217.985608017	80
580012334ee1	0.78%	17.04MiB / 15.3GiB	12.4MB / 12.7MB	1703063218.291797675	83
580012334ee1	0.78%	17.04MiB / 15.3GiB	12.4MB / 12.7MB	1703063218.598364884	86
580012334ee1	0.78%	17.04MiB / 15.3GiB	12.4MB / 12.7MB	1703063218.700829556	87
580012334ee1	0.78%	17.04MiB / 15.3GiB	12.4MB / 12.7MB	1703063218.905131387	89
580012334ee1	0.78%	17.04MiB / 15.3GiB	12.4MB / 12.7MB	1703063218.802871200	88
580012334ee1	0.78%	17.04MiB / 15.3GiB	12.4MB / 12.7MB	1703063218.189658591	82
580012334ee1	0.78%	17.04MiB / 15.3GiB	12.4MB / 12.7MB	1703063218.087546074	81
580012334ee1	0.78%	17.04MiB / 15.3GiB	12.4MB / 12.7MB	1703063218.393817975	84
580012334ee1	0.78%	17.04MiB / 15.3GiB	12.4MB / 12.7MB	1703063218.498392702	85
580012334ee1	0.04%	17.04MiB / 15.3GiB	12.4MB / 12.7MB	1703063219.208380770	92
580012334ee1	0.04%	17.04MiB / 15.3GiB	12.4MB / 12.7MB	1703063219.108608524	91
580012334ee1	0.04%	17.04MiB / 15.3GiB	12.4MB / 12.7MB	1703063219.309258787	93
580012334ee1	0.04%	17.04MiB / 15.3GiB	12.4MB / 12.7MB	1703063219.005137373	90
580012334ee1	0.04%	17.04MiB / 15.3GiB	12.4MB / 12.7MB	1703063219.513036099	95
580012334ee1	0.04%	17.04MiB / 15.3GiB	12.4MB / 12.7MB	1703063219.717149688	97
580012334ee1	0.04%	17.04MiB / 15.3GiB	12.4MB / 12.7MB	1703063219.410481868	94
580012334ee1	0.04%	17.04MiB / 15.3GiB	12.4MB / 12.7MB	1703063219.819067566	98
580012334ee1	0.04%	17.04MiB / 15.3GiB	12.4MB / 12.7MB	1703063219.614938127	96
580012334ee1	0.04%	17.04MiB / 15.3GiB	12.4MB / 12.7MB	1703063219.921117302	99
580012334ee1	0.75%	17MiB / 15.3GiB	12.5MB / 12.7MB	1703063220.533004234	105
580012334ee1	0.75%	17MiB / 15.3GiB	12.5MB / 12.7MB	1703063220.328857496	103
580012334ee1	0.75%	17MiB / 15.3GiB	12.5MB / 12.7MB	1703063220.838692918	108
580012334ee1	0.75%	17MiB / 15.3GiB	12.5MB / 12.7MB	1703063220.940994008	109
580012334ee1	0.75%	17MiB / 15.3GiB	12.5MB / 12.7MB	1703063220.430873218	104
580012334ee1	0.75%	17MiB / 15.3GiB	12.5MB / 12.7MB	1703063220.124576836	101
580012334ee1	0.75%	17MiB / 15.3GiB	12.5MB / 12.7MB	1703063220.736931520	107
580012334ee1	0.75%	17MiB / 15.3GiB	12.5MB / 12.7MB	1703063220.227096250	102
580012334ee1	0.75%	17MiB / 15.3GiB	12.5MB / 12.7MB	1703063220.021762750	100
580012334ee1	0.75%	17MiB / 15.3GiB	12.5MB / 12.7MB	1703063220.634689111	106
580012334ee1	0.26%	17MiB / 15.3GiB	12.5MB / 12.7MB	1703063221.143745972	111
580012334ee1	0.26%	17MiB / 15.3GiB	12.5MB / 12.7MB	1703063221.348256220	113
580012334ee1	0.26%	17MiB / 15.3GiB	12.5MB / 12.7MB	1703063221.040921052	110
580012334ee1	0.26%	17MiB / 15.3GiB	12.5MB / 12.7MB	1703063221.552977445	115
580012334ee1	0.26%	17MiB / 15.3GiB	12.5MB / 12.7MB	1703063221.757098654	117
580012334ee1	0.26%	17MiB / 15.3GiB	12.5MB / 12.7MB	1703063221.859173334	118
580012334ee1	0.26%	17MiB / 15.3GiB	12.5MB / 12.7MB	1703063221.655080481	116
580012334ee1	0.26%	17MiB / 15.3GiB	12.5MB / 12.7MB	1703063221.246224251	112
580012334ee1	0.26%	17MiB / 15.3GiB	12.5MB / 12.7MB	1703063221.450238454	114
580012334ee1	0.26%	17MiB / 15.3GiB	12.5MB / 12.7MB	1703063221.961297967	119
580012334ee1	0.46%	17.06MiB / 15.3GiB	12.5MB / 12.8MB	1703063222.573575705	125
580012334ee1	0.46%	17.06MiB / 15.3GiB	12.5MB / 12.8MB	1703063222.369296709	123
580012334ee1	0.46%	17.06MiB / 15.3GiB	12.5MB / 12.8MB	1703063222.676111824	126
580012334ee1	0.46%	17.06MiB / 15.3GiB	12.5MB / 12.8MB	1703063222.880360229	128
580012334ee1	0.46%	17.06MiB / 15.3GiB	12.5MB / 12.8MB	1703063222.471423663	124
580012334ee1	0.46%	17.06MiB / 15.3GiB	12.5MB / 12.8MB	1703063222.267160809	122
580012334ee1	0.46%	17.06MiB / 15.3GiB	12.5MB / 12.8MB	1703063222.062153848	120
580012334ee1	0.46%	17.06MiB / 15.3GiB	12.5MB / 12.8MB	1703063222.778146732	127
580012334ee1	0.46%	17.06MiB / 15.3GiB	12.5MB / 12.8MB	1703063222.164925919	121
580012334ee1	0.13%	17.31MiB / 15.3GiB	12.5MB / 12.8MB	1703063223.491752565	134
580012334ee1	0.13%	17.31MiB / 15.3GiB	12.5MB / 12.8MB	1703063222.982107567	129
580012334ee1	0.13%	17.31MiB / 15.3GiB	12.5MB / 12.8MB	1703063223.288440000	132
580012334ee1	0.13%	17.31MiB / 15.3GiB	12.5MB / 12.8MB	1703063223.899789286	138
580012334ee1	0.13%	17.31MiB / 15.3GiB	12.5MB / 12.8MB	1703063223.083322434	130
580012334ee1	0.13%	17.31MiB / 15.3GiB	12.5MB / 12.8MB	1703063223.797798696	137
580012334ee1	0.13%	17.31MiB / 15.3GiB	12.5MB / 12.8MB	1703063223.593717972	135
580012334ee1	0.13%	17.31MiB / 15.3GiB	12.5MB / 12.8MB	1703063223.695908837	136
580012334ee1	0.13%	17.31MiB / 15.3GiB	12.5MB / 12.8MB	1703063223.186176307	131
580012334ee1	0.13%	17.31MiB / 15.3GiB	12.5MB / 12.8MB	1703063223.388562642	133
580012334ee1	0.63%	16.99MiB / 15.3GiB	12.6MB / 12.8MB	1703063224.925764516	148
580012334ee1	0.63%	16.99MiB / 15.3GiB	12.6MB / 12.8MB	1703063224.004285443	139
580012334ee1	0.63%	16.99MiB / 15.3GiB	12.6MB / 12.8MB	1703063224.311221967	142
580012334ee1	0.63%	16.99MiB / 15.3GiB	12.6MB / 12.8MB	1703063224.413340020	143
580012334ee1	0.63%	16.99MiB / 15.3GiB	12.6MB / 12.8MB	1703063224.722104888	146
580012334ee1	0.63%	16.99MiB / 15.3GiB	12.6MB / 12.8MB	1703063224.620027603	145
580012334ee1	0.63%	16.99MiB / 15.3GiB	12.6MB / 12.8MB	1703063224.823917829	147
580012334ee1	0.63%	16.99MiB / 15.3GiB	12.6MB / 12.8MB	1703063224.208649524	141
580012334ee1	0.63%	16.99MiB / 15.3GiB	12.6MB / 12.8MB	1703063224.518401082	144
580012334ee1	0.63%	16.99MiB / 15.3GiB	12.6MB / 12.8MB	1703063224.106641091	140
580012334ee1	0.16%	17.23MiB / 15.3GiB	12.6MB / 12.8MB	1703063225.742722406	156
580012334ee1	0.16%	17.23MiB / 15.3GiB	12.6MB / 12.8MB	1703063225.844619528	157
580012334ee1	0.16%	17.23MiB / 15.3GiB	12.6MB / 12.8MB	1703063225.946463579	158
580012334ee1	0.16%	17.23MiB / 15.3GiB	12.6MB / 12.8MB	1703063225.640386271	155
580012334ee1	0.16%	17.23MiB / 15.3GiB	12.6MB / 12.8MB	1703063225.027920799	149
580012334ee1	0.16%	17.23MiB / 15.3GiB	12.6MB / 12.8MB	1703063225.334359426	152
580012334ee1	0.16%	17.23MiB / 15.3GiB	12.6MB / 12.8MB	1703063225.129846026	150
580012334ee1	0.16%	17.23MiB / 15.3GiB	12.6MB / 12.8MB	1703063225.538578784	154
580012334ee1	0.16%	17.23MiB / 15.3GiB	12.6MB / 12.8MB	1703063225.436792806	153
580012334ee1	0.16%	17.23MiB / 15.3GiB	12.6MB / 12.8MB	1703063225.232157476	151
580012334ee1	0.57%	17.05MiB / 15.3GiB	12.6MB / 12.9MB	1703063226.048397649	159
580012334ee1	0.57%	17.05MiB / 15.3GiB	12.6MB / 12.9MB	1703063226.457174294	163
580012334ee1	0.57%	17.05MiB / 15.3GiB	12.6MB / 12.9MB	1703063226.355016021	162
580012334ee1	0.57%	17.05MiB / 15.3GiB	12.6MB / 12.9MB	1703063226.559731461	164
580012334ee1	0.57%	17.05MiB / 15.3GiB	12.6MB / 12.9MB	1703063226.967804554	168
580012334ee1	0.57%	17.05MiB / 15.3GiB	12.6MB / 12.9MB	1703063226.866035438	167
580012334ee1	0.57%	17.05MiB / 15.3GiB	12.6MB / 12.9MB	1703063226.661600162	165
580012334ee1	0.57%	17.05MiB / 15.3GiB	12.6MB / 12.9MB	1703063226.252888563	161
580012334ee1	0.57%	17.05MiB / 15.3GiB	12.6MB / 12.9MB	1703063226.763803680	166
580012334ee1	0.57%	17.05MiB / 15.3GiB	12.6MB / 12.9MB	1703063226.150718437	160
580012334ee1	0.16%	17.05MiB / 15.3GiB	12.6MB / 12.9MB	1703063227.578992597	174
580012334ee1	0.16%	17.05MiB / 15.3GiB	12.6MB / 12.9MB	1703063227.273305425	171
580012334ee1	0.16%	17.05MiB / 15.3GiB	12.6MB / 12.9MB	1703063227.375971846	172
580012334ee1	0.16%	17.05MiB / 15.3GiB	12.6MB / 12.9MB	1703063227.783088487	176
580012334ee1	0.16%	17.05MiB / 15.3GiB	12.6MB / 12.9MB	1703063227.475858981	173
580012334ee1	0.16%	17.05MiB / 15.3GiB	12.6MB / 12.9MB	1703063227.884943421	177
580012334ee1	0.16%	17.05MiB / 15.3GiB	12.6MB / 12.9MB	1703063227.681039609	175
580012334ee1	0.16%	17.05MiB / 15.3GiB	12.6MB / 12.9MB	1703063227.986963708	178
580012334ee1	0.16%	17.05MiB / 15.3GiB	12.6MB / 12.9MB	1703063227.171787755	170
580012334ee1	0.16%	17.05MiB / 15.3GiB	12.6MB / 12.9MB	1703063227.069902341	169
580012334ee1	0.62%	16.98MiB / 15.3GiB	12.6MB / 12.9MB	1703063228.599712622	184
580012334ee1	0.62%	16.98MiB / 15.3GiB	12.6MB / 12.9MB	1703063228.906177331	187
580012334ee1	0.62%	16.98MiB / 15.3GiB	12.6MB / 12.9MB	1703063228.497790592	183
580012334ee1	0.62%	16.98MiB / 15.3GiB	12.6MB / 12.9MB	1703063228.702080903	185
580012334ee1	0.62%	16.98MiB / 15.3GiB	12.6MB / 12.9MB	1703063228.395184876	182
580012334ee1	0.62%	16.98MiB / 15.3GiB	12.6MB / 12.9MB	1703063228.293293223	181
580012334ee1	0.62%	16.98MiB / 15.3GiB	12.6MB / 12.9MB	1703063228.803984752	186
580012334ee1	0.62%	16.98MiB / 15.3GiB	12.6MB / 12.9MB	1703063228.190940015	180
580012334ee1	0.62%	16.98MiB / 15.3GiB	12.6MB / 12.9MB	1703063228.088886167	179
580012334ee1	0.22%	17.23MiB / 15.3GiB	12.7MB / 12.9MB	1703063229.518476313	193
580012334ee1	0.22%	17.23MiB / 15.3GiB	12.7MB / 12.9MB	1703063229.008464422	188
580012334ee1	0.22%	17.23MiB / 15.3GiB	12.7MB / 12.9MB	1703063229.927080824	197
580012334ee1	0.22%	17.23MiB / 15.3GiB	12.7MB / 12.9MB	1703063229.723315786	195
580012334ee1	0.22%	17.23MiB / 15.3GiB	12.7MB / 12.9MB	1703063229.313447909	191
580012334ee1	0.22%	17.23MiB / 15.3GiB	12.7MB / 12.9MB	1703063229.416437701	192
580012334ee1	0.22%	17.23MiB / 15.3GiB	12.7MB / 12.9MB	1703063229.620948680	194
580012334ee1	0.22%	17.23MiB / 15.3GiB	12.7MB / 12.9MB	1703063229.212522085	190
580012334ee1	0.22%	17.23MiB / 15.3GiB	12.7MB / 12.9MB	1703063229.825434029	196
580012334ee1	0.22%	17.23MiB / 15.3GiB	12.7MB / 12.9MB	1703063229.110552815	189
580012334ee1	0.26%	17.01MiB / 15.3GiB	12.7MB / 12.9MB	1703063230.540735389	203
580012334ee1	0.26%	17.01MiB / 15.3GiB	12.7MB / 12.9MB	1703063230.949414379	207
580012334ee1	0.26%	17.01MiB / 15.3GiB	12.7MB / 12.9MB	1703063230.745360105	205
580012334ee1	0.26%	17.01MiB / 15.3GiB	12.7MB / 12.9MB	1703063230.131521102	199
580012334ee1	0.26%	17.01MiB / 15.3GiB	12.7MB / 12.9MB	1703063230.233715087	200
580012334ee1	0.26%	17.01MiB / 15.3GiB	12.7MB / 12.9MB	1703063230.847371148	206
580012334ee1	0.26%	17.01MiB / 15.3GiB	12.7MB / 12.9MB	1703063230.029418117	198
580012334ee1	0.26%	17.01MiB / 15.3GiB	12.7MB / 12.9MB	1703063230.335208947	201
580012334ee1	0.26%	17.01MiB / 15.3GiB	12.7MB / 12.9MB	1703063230.642417951	204
580012334ee1	0.26%	17.01MiB / 15.3GiB	12.7MB / 12.9MB	1703063230.437424831	202
580012334ee1	0.17%	17.01MiB / 15.3GiB	12.7MB / 12.9MB	1703063231.968227218	217
580012334ee1	0.17%	17.01MiB / 15.3GiB	12.7MB / 12.9MB	1703063231.356331858	211
580012334ee1	0.17%	17.01MiB / 15.3GiB	12.7MB / 12.9MB	1703063231.763516032	215
580012334ee1	0.17%	17.01MiB / 15.3GiB	12.7MB / 12.9MB	1703063231.663713338	214
580012334ee1	0.17%	17.01MiB / 15.3GiB	12.7MB / 12.9MB	1703063231.866478071	216
580012334ee1	0.17%	17.01MiB / 15.3GiB	12.7MB / 12.9MB	1703063231.459166512	212
580012334ee1	0.17%	17.01MiB / 15.3GiB	12.7MB / 12.9MB	1703063231.153611401	209
580012334ee1	0.17%	17.01MiB / 15.3GiB	12.7MB / 12.9MB	1703063231.255930649	210
580012334ee1	0.17%	17.01MiB / 15.3GiB	12.7MB / 12.9MB	1703063231.051614822	208
580012334ee1	0.17%	17.01MiB / 15.3GiB	12.7MB / 12.9MB	1703063231.561463184	213
580012334ee1	0.67%	17.06MiB / 15.3GiB	12.7MB / 12.9MB	1703063232.682321890	224
580012334ee1	0.67%	17.06MiB / 15.3GiB	12.7MB / 12.9MB	1703063232.580167056	223
580012334ee1	0.67%	17.06MiB / 15.3GiB	12.7MB / 12.9MB	1703063232.989324900	227
580012334ee1	0.67%	17.06MiB / 15.3GiB	12.7MB / 12.9MB	1703063232.374802483	221
580012334ee1	0.67%	17.06MiB / 15.3GiB	12.7MB / 12.9MB	1703063232.887066143	226
580012334ee1	0.67%	17.06MiB / 15.3GiB	12.7MB / 12.9MB	1703063232.784856927	225
580012334ee1	0.67%	17.06MiB / 15.3GiB	12.7MB / 12.9MB	1703063232.070402341	218
580012334ee1	0.67%	17.06MiB / 15.3GiB	12.7MB / 12.9MB	1703063232.172195359	219
580012334ee1	0.67%	17.06MiB / 15.3GiB	12.7MB / 12.9MB	1703063232.477742541	222
580012334ee1	0.67%	17.06MiB / 15.3GiB	12.7MB / 12.9MB	1703063232.274410885	220
580012334ee1	0.26%	17.06MiB / 15.3GiB	12.7MB / 13MB	1703063233.396158722	231
580012334ee1	0.26%	17.06MiB / 15.3GiB	12.7MB / 13MB	1703063233.806137121	235
580012334ee1	0.26%	17.06MiB / 15.3GiB	12.7MB / 13MB	1703063233.907870772	236
580012334ee1	0.26%	17.06MiB / 15.3GiB	12.7MB / 13MB	1703063233.499521307	232
580012334ee1	0.26%	17.06MiB / 15.3GiB	12.7MB / 13MB	1703063233.703853542	234
580012334ee1	0.26%	17.06MiB / 15.3GiB	12.7MB / 13MB	1703063233.091437202	228
580012334ee1	0.26%	17.06MiB / 15.3GiB	12.7MB / 13MB	1703063233.193631352	229
580012334ee1	0.26%	17.06MiB / 15.3GiB	12.7MB / 13MB	1703063233.601501745	233
580012334ee1	0.26%	17.06MiB / 15.3GiB	12.7MB / 13MB	1703063233.295845397	230
580012334ee1	0.26%	17.06MiB / 15.3GiB	12.7MB / 13MB	1703063234.009949040	237
580012334ee1	0.65%	16.98MiB / 15.3GiB	12.7MB / 13MB	1703063234.418762228	241
580012334ee1	0.65%	16.98MiB / 15.3GiB	12.7MB / 13MB	1703063234.929578158	246
580012334ee1	0.65%	16.98MiB / 15.3GiB	12.7MB / 13MB	1703063234.623044177	243
580012334ee1	0.65%	16.98MiB / 15.3GiB	12.7MB / 13MB	1703063234.725056695	244
580012334ee1	0.65%	16.98MiB / 15.3GiB	12.7MB / 13MB	1703063234.827426498	245
580012334ee1	0.65%	16.98MiB / 15.3GiB	12.7MB / 13MB	1703063234.316413283	240
580012334ee1	0.65%	16.98MiB / 15.3GiB	12.7MB / 13MB	1703063234.214348767	239
580012334ee1	0.65%	16.98MiB / 15.3GiB	12.7MB / 13MB	1703063234.520775792	242
580012334ee1	0.65%	16.98MiB / 15.3GiB	12.7MB / 13MB	1703063234.112324104	238
580012334ee1	0.28%	17.24MiB / 15.3GiB	12.8MB / 13MB	1703063235.236761105	249
580012334ee1	0.28%	17.24MiB / 15.3GiB	12.8MB / 13MB	1703063235.643276863	253
580012334ee1	0.28%	17.24MiB / 15.3GiB	12.8MB / 13MB	1703063235.339159217	250
580012334ee1	0.28%	17.24MiB / 15.3GiB	12.8MB / 13MB	1703063235.849136790	255
580012334ee1	0.28%	17.24MiB / 15.3GiB	12.8MB / 13MB	1703063235.746391947	254
580012334ee1	0.28%	17.24MiB / 15.3GiB	12.8MB / 13MB	1703063235.134227904	248
580012334ee1	0.28%	17.24MiB / 15.3GiB	12.8MB / 13MB	1703063235.543133802	252
580012334ee1	0.28%	17.24MiB / 15.3GiB	12.8MB / 13MB	1703063235.032131096	247
580012334ee1	0.28%	17.24MiB / 15.3GiB	12.8MB / 13MB	1703063235.439570555	251
580012334ee1	0.28%	17.24MiB / 15.3GiB	12.8MB / 13MB	1703063235.950629968	256
580012334ee1	0.63%	17.06MiB / 15.3GiB	12.8MB / 13MB	1703063236.460795908	261
580012334ee1	0.63%	17.06MiB / 15.3GiB	12.8MB / 13MB	1703063236.154679755	258
580012334ee1	0.63%	17.06MiB / 15.3GiB	12.8MB / 13MB	1703063236.768332990	264
580012334ee1	0.63%	17.06MiB / 15.3GiB	12.8MB / 13MB	1703063236.870275942	265
580012334ee1	0.63%	17.06MiB / 15.3GiB	12.8MB / 13MB	1703063236.256972199	259
580012334ee1	0.63%	17.06MiB / 15.3GiB	12.8MB / 13MB	1703063236.052564229	257
580012334ee1	0.63%	17.06MiB / 15.3GiB	12.8MB / 13MB	1703063236.563830440	262
580012334ee1	0.63%	17.06MiB / 15.3GiB	12.8MB / 13MB	1703063236.358834609	260
580012334ee1	0.63%	17.06MiB / 15.3GiB	12.8MB / 13MB	1703063236.665825293	263
580012334ee1	0.63%	17.06MiB / 15.3GiB	12.8MB / 13MB	1703063236.972472357	266
580012334ee1	0.28%	17.07MiB / 15.3GiB	12.8MB / 13MB	1703063237.074657160	267
580012334ee1	0.28%	17.07MiB / 15.3GiB	12.8MB / 13MB	1703063237.789255622	274
580012334ee1	0.28%	17.07MiB / 15.3GiB	12.8MB / 13MB	1703063237.380704898	270
580012334ee1	0.28%	17.07MiB / 15.3GiB	12.8MB / 13MB	1703063237.993233675	276
580012334ee1	0.28%	17.07MiB / 15.3GiB	12.8MB / 13MB	1703063237.584733474	272
580012334ee1	0.28%	17.07MiB / 15.3GiB	12.8MB / 13MB	1703063237.891178138	275
580012334ee1	0.28%	17.07MiB / 15.3GiB	12.8MB / 13MB	1703063237.176739083	268
580012334ee1	0.28%	17.07MiB / 15.3GiB	12.8MB / 13MB	1703063237.687117726	273
580012334ee1	0.28%	17.07MiB / 15.3GiB	12.8MB / 13MB	1703063237.278877365	269
580012334ee1	0.28%	17.07MiB / 15.3GiB	12.8MB / 13MB	1703063237.482346499	271
580012334ee1	0.42%	16.96MiB / 15.3GiB	12.8MB / 13.1MB	1703063238.401788688	280
580012334ee1	0.42%	16.96MiB / 15.3GiB	12.8MB / 13.1MB	1703063238.912638189	285
580012334ee1	0.42%	16.96MiB / 15.3GiB	12.8MB / 13.1MB	1703063238.095604461	277
580012334ee1	0.42%	16.96MiB / 15.3GiB	12.8MB / 13.1MB	1703063238.708524589	283
580012334ee1	0.42%	16.96MiB / 15.3GiB	12.8MB / 13.1MB	1703063238.197776443	278
580012334ee1	0.42%	16.96MiB / 15.3GiB	12.8MB / 13.1MB	1703063238.503802656	281
580012334ee1	0.42%	16.96MiB / 15.3GiB	12.8MB / 13.1MB	1703063238.299968227	279
580012334ee1	0.42%	16.96MiB / 15.3GiB	12.8MB / 13.1MB	1703063238.606063757	282
580012334ee1	0.42%	16.96MiB / 15.3GiB	12.8MB / 13.1MB	1703063238.810927391	284
580012334ee1	0.42%	16.96MiB / 15.3GiB	12.8MB / 13.1MB	1703063239.014941292	286
580012334ee1	0.16%	16.97MiB / 15.3GiB	12.8MB / 13.1MB	1703063240.032268349	296
580012334ee1	0.16%	16.97MiB / 15.3GiB	12.8MB / 13.1MB	1703063239.728193205	293
580012334ee1	0.16%	16.97MiB / 15.3GiB	12.8MB / 13.1MB	1703063239.625350886	292
580012334ee1	0.16%	16.97MiB / 15.3GiB	12.8MB / 13.1MB	1703063239.932329686	295
580012334ee1	0.16%	16.97MiB / 15.3GiB	12.8MB / 13.1MB	1703063239.524715728	291
580012334ee1	0.16%	16.97MiB / 15.3GiB	12.8MB / 13.1MB	1703063239.830257179	294
580012334ee1	0.16%	16.97MiB / 15.3GiB	12.8MB / 13.1MB	1703063239.321359202	289
580012334ee1	0.16%	16.97MiB / 15.3GiB	12.8MB / 13.1MB	1703063239.219084354	288
580012334ee1	0.16%	16.97MiB / 15.3GiB	12.8MB / 13.1MB	1703063239.116869199	287
580012334ee1	0.16%	16.97MiB / 15.3GiB	12.8MB / 13.1MB	1703063239.422844313	290
580012334ee1	0.43%	17MiB / 15.3GiB	12.9MB / 13.1MB	1703063240.748311988	303
580012334ee1	0.43%	17MiB / 15.3GiB	12.9MB / 13.1MB	1703063240.646553706	302
580012334ee1	0.43%	17MiB / 15.3GiB	12.9MB / 13.1MB	1703063240.441719463	300
580012334ee1	0.43%	17MiB / 15.3GiB	12.9MB / 13.1MB	1703063240.237405835	298
580012334ee1	0.43%	17MiB / 15.3GiB	12.9MB / 13.1MB	1703063240.340266076	299
580012334ee1	0.43%	17MiB / 15.3GiB	12.9MB / 13.1MB	1703063240.851052542	304
580012334ee1	0.43%	17MiB / 15.3GiB	12.9MB / 13.1MB	1703063240.135462841	297
580012334ee1	0.43%	17MiB / 15.3GiB	12.9MB / 13.1MB	1703063240.953223492	305
580012334ee1	0.43%	17MiB / 15.3GiB	12.9MB / 13.1MB	1703063240.543767317	301
580012334ee1	0.15%	17.01MiB / 15.3GiB	12.9MB / 13.1MB	1703063241.157504693	307
580012334ee1	0.15%	17.01MiB / 15.3GiB	12.9MB / 13.1MB	1703063241.464161735	310
580012334ee1	0.15%	17.01MiB / 15.3GiB	12.9MB / 13.1MB	1703063241.055742919	306
580012334ee1	0.15%	17.01MiB / 15.3GiB	12.9MB / 13.1MB	1703063241.362130115	309
580012334ee1	0.15%	17.01MiB / 15.3GiB	12.9MB / 13.1MB	1703063241.871754151	314
580012334ee1	0.15%	17.01MiB / 15.3GiB	12.9MB / 13.1MB	1703063241.260078298	308
580012334ee1	0.15%	17.01MiB / 15.3GiB	12.9MB / 13.1MB	1703063241.769351853	313
580012334ee1	0.15%	17.01MiB / 15.3GiB	12.9MB / 13.1MB	1703063241.566054578	311
580012334ee1	0.15%	17.01MiB / 15.3GiB	12.9MB / 13.1MB	1703063241.665944294	312
580012334ee1	0.15%	17.01MiB / 15.3GiB	12.9MB / 13.1MB	1703063241.973709592	315
580012334ee1	0.33%	17.05MiB / 15.3GiB	12.9MB / 13.1MB	1703063242.689202770	322
580012334ee1	0.33%	17.05MiB / 15.3GiB	12.9MB / 13.1MB	1703063242.791840685	323
580012334ee1	0.33%	17.05MiB / 15.3GiB	12.9MB / 13.1MB	1703063242.995745093	325
580012334ee1	0.33%	17.05MiB / 15.3GiB	12.9MB / 13.1MB	1703063242.894096342	324
580012334ee1	0.33%	17.05MiB / 15.3GiB	12.9MB / 13.1MB	1703063242.586984340	321
580012334ee1	0.33%	17.05MiB / 15.3GiB	12.9MB / 13.1MB	1703063242.280207093	318
580012334ee1	0.33%	17.05MiB / 15.3GiB	12.9MB / 13.1MB	1703063242.075511088	316
580012334ee1	0.33%	17.05MiB / 15.3GiB	12.9MB / 13.1MB	1703063242.177758127	317
580012334ee1	0.33%	17.05MiB / 15.3GiB	12.9MB / 13.1MB	1703063242.382301844	319
580012334ee1	0.33%	17.05MiB / 15.3GiB	12.9MB / 13.1MB	1703063242.484545908	320
580012334ee1	0.19%	17.06MiB / 15.3GiB	12.9MB / 13.1MB	1703063243.709035712	332
580012334ee1	0.19%	17.06MiB / 15.3GiB	12.9MB / 13.1MB	1703063244.016565107	335
580012334ee1	0.19%	17.06MiB / 15.3GiB	12.9MB / 13.1MB	1703063243.302809705	328
580012334ee1	0.19%	17.06MiB / 15.3GiB	12.9MB / 13.1MB	1703063243.609214542	331
580012334ee1	0.19%	17.06MiB / 15.3GiB	12.9MB / 13.1MB	1703063243.098244587	326
580012334ee1	0.19%	17.06MiB / 15.3GiB	12.9MB / 13.1MB	1703063243.404917794	329
580012334ee1	0.19%	17.06MiB / 15.3GiB	12.9MB / 13.1MB	1703063243.812160223	333
580012334ee1	0.19%	17.06MiB / 15.3GiB	12.9MB / 13.1MB	1703063243.506740560	330
580012334ee1	0.19%	17.06MiB / 15.3GiB	12.9MB / 13.1MB	1703063243.914667142	334
580012334ee1	0.19%	17.06MiB / 15.3GiB	12.9MB / 13.1MB	1703063243.200309867	327
580012334ee1	0.44%	17.23MiB / 15.3GiB	12.9MB / 13.2MB	1703063244.728779397	342
580012334ee1	0.44%	17.23MiB / 15.3GiB	12.9MB / 13.2MB	1703063244.831647316	343
580012334ee1	0.44%	17.23MiB / 15.3GiB	12.9MB / 13.2MB	1703063245.034791729	345
580012334ee1	0.44%	17.23MiB / 15.3GiB	12.9MB / 13.2MB	1703063244.628518123	341
580012334ee1	0.44%	17.23MiB / 15.3GiB	12.9MB / 13.2MB	1703063244.322167787	338
580012334ee1	0.44%	17.23MiB / 15.3GiB	12.9MB / 13.2MB	1703063244.933840426	344
580012334ee1	0.44%	17.23MiB / 15.3GiB	12.9MB / 13.2MB	1703063244.424243792	339
580012334ee1	0.44%	17.23MiB / 15.3GiB	12.9MB / 13.2MB	1703063244.526357690	340
580012334ee1	0.44%	17.23MiB / 15.3GiB	12.9MB / 13.2MB	1703063244.220001941	337
580012334ee1	0.44%	17.23MiB / 15.3GiB	12.9MB / 13.2MB	1703063244.118338520	336
580012334ee1	0.17%	16.98MiB / 15.3GiB	12.9MB / 13.2MB	1703063245.545588071	350
580012334ee1	0.17%	16.98MiB / 15.3GiB	12.9MB / 13.2MB	1703063245.443912967	349
580012334ee1	0.17%	16.98MiB / 15.3GiB	12.9MB / 13.2MB	1703063245.341636566	348
580012334ee1	0.17%	16.98MiB / 15.3GiB	12.9MB / 13.2MB	1703063245.748056704	352
580012334ee1	0.17%	16.98MiB / 15.3GiB	12.9MB / 13.2MB	1703063245.647824650	351
580012334ee1	0.17%	16.98MiB / 15.3GiB	12.9MB / 13.2MB	1703063246.055943130	355
580012334ee1	0.17%	16.98MiB / 15.3GiB	12.9MB / 13.2MB	1703063245.953877216	354
580012334ee1	0.17%	16.98MiB / 15.3GiB	12.9MB / 13.2MB	1703063245.137153981	346
580012334ee1	0.17%	16.98MiB / 15.3GiB	12.9MB / 13.2MB	1703063245.851477718	353
580012334ee1	0.17%	16.98MiB / 15.3GiB	12.9MB / 13.2MB	1703063245.239507578	347
580012334ee1	0.35%	17.02MiB / 15.3GiB	12.9MB / 13.2MB	1703063246.362052290	358
580012334ee1	0.35%	17.02MiB / 15.3GiB	12.9MB / 13.2MB	1703063246.973458187	364
580012334ee1	0.35%	17.02MiB / 15.3GiB	12.9MB / 13.2MB	1703063246.260207874	357
580012334ee1	0.35%	17.02MiB / 15.3GiB	12.9MB / 13.2MB	1703063246.871444501	363
580012334ee1	0.35%	17.02MiB / 15.3GiB	12.9MB / 13.2MB	1703063247.073358470	365
580012334ee1	0.35%	17.02MiB / 15.3GiB	12.9MB / 13.2MB	1703063246.768427398	362
580012334ee1	0.35%	17.02MiB / 15.3GiB	12.9MB / 13.2MB	1703063246.464259009	359
580012334ee1	0.35%	17.02MiB / 15.3GiB	12.9MB / 13.2MB	1703063246.157640175	356
580012334ee1	0.35%	17.02MiB / 15.3GiB	12.9MB / 13.2MB	1703063246.668191925	361
580012334ee1	0.35%	17.02MiB / 15.3GiB	12.9MB / 13.2MB	1703063246.566190124	360
580012334ee1	0.12%	17.02MiB / 15.3GiB	12.9MB / 13.2MB	1703063247.278797615	367
580012334ee1	0.12%	17.02MiB / 15.3GiB	12.9MB / 13.2MB	1703063247.788678348	372
580012334ee1	0.12%	17.02MiB / 15.3GiB	12.9MB / 13.2MB	1703063247.890860227	373
580012334ee1	0.12%	17.02MiB / 15.3GiB	12.9MB / 13.2MB	1703063247.993289628	374
580012334ee1	0.12%	17.02MiB / 15.3GiB	12.9MB / 13.2MB	1703063247.686432610	371
580012334ee1	0.12%	17.02MiB / 15.3GiB	12.9MB / 13.2MB	1703063247.584580537	370
580012334ee1	0.12%	17.02MiB / 15.3GiB	12.9MB / 13.2MB	1703063247.482635310	369
580012334ee1	0.12%	17.02MiB / 15.3GiB	12.9MB / 13.2MB	1703063247.380664132	368
580012334ee1	0.12%	17.02MiB / 15.3GiB	12.9MB / 13.2MB	1703063247.176411390	366
580012334ee1	0.29%	17.27MiB / 15.3GiB	13MB / 13.2MB	1703063248.708038656	381
580012334ee1	0.29%	17.27MiB / 15.3GiB	13MB / 13.2MB	1703063248.400592239	378
580012334ee1	0.29%	17.27MiB / 15.3GiB	13MB / 13.2MB	1703063248.197044301	376
580012334ee1	0.29%	17.27MiB / 15.3GiB	13MB / 13.2MB	1703063248.809351896	382
580012334ee1	0.29%	17.27MiB / 15.3GiB	13MB / 13.2MB	1703063248.607158780	380
580012334ee1	0.29%	17.27MiB / 15.3GiB	13MB / 13.2MB	1703063248.297814016	377
580012334ee1	0.29%	17.27MiB / 15.3GiB	13MB / 13.2MB	1703063248.912151957	383
580012334ee1	0.29%	17.27MiB / 15.3GiB	13MB / 13.2MB	1703063248.502398920	379
580012334ee1	0.29%	17.27MiB / 15.3GiB	13MB / 13.2MB	1703063249.014127765	384
580012334ee1	0.29%	17.27MiB / 15.3GiB	13MB / 13.2MB	1703063248.095379412	375
580012334ee1	0.14%	17.04MiB / 15.3GiB	13MB / 13.2MB	1703063249.218668635	386
580012334ee1	0.14%	17.04MiB / 15.3GiB	13MB / 13.2MB	1703063249.524742557	389
580012334ee1	0.14%	17.04MiB / 15.3GiB	13MB / 13.2MB	1703063250.035075689	394
580012334ee1	0.14%	17.04MiB / 15.3GiB	13MB / 13.2MB	1703063249.116637918	385
580012334ee1	0.14%	17.04MiB / 15.3GiB	13MB / 13.2MB	1703063249.830887822	392
580012334ee1	0.14%	17.04MiB / 15.3GiB	13MB / 13.2MB	1703063249.728710301	391
580012334ee1	0.14%	17.04MiB / 15.3GiB	13MB / 13.2MB	1703063249.422630089	388
580012334ee1	0.14%	17.04MiB / 15.3GiB	13MB / 13.2MB	1703063249.626644330	390
580012334ee1	0.14%	17.04MiB / 15.3GiB	13MB / 13.2MB	1703063249.933079367	393
580012334ee1	0.14%	17.04MiB / 15.3GiB	13MB / 13.2MB	1703063249.320554843	387
580012334ee1	0.37%	17.07MiB / 15.3GiB	13MB / 13.2MB	1703063250.443707641	398
580012334ee1	0.37%	17.07MiB / 15.3GiB	13MB / 13.2MB	1703063250.852475324	402
580012334ee1	0.37%	17.07MiB / 15.3GiB	13MB / 13.2MB	1703063250.954955704	403
580012334ee1	0.37%	17.07MiB / 15.3GiB	13MB / 13.2MB	1703063250.648137015	400
580012334ee1	0.37%	17.07MiB / 15.3GiB	13MB / 13.2MB	1703063250.137368681	395
580012334ee1	0.37%	17.07MiB / 15.3GiB	13MB / 13.2MB	1703063250.239651174	396
580012334ee1	0.37%	17.07MiB / 15.3GiB	13MB / 13.2MB	1703063250.750177609	401
580012334ee1	0.37%	17.07MiB / 15.3GiB	13MB / 13.2MB	1703063251.057131824	404
580012334ee1	0.37%	17.07MiB / 15.3GiB	13MB / 13.2MB	1703063250.546135147	399
580012334ee1	0.37%	17.07MiB / 15.3GiB	13MB / 13.2MB	1703063250.341662687	397
580012334ee1	0.39%	16.96MiB / 15.3GiB	13MB / 13.2MB	1703063251.261457856	406
580012334ee1	0.39%	16.96MiB / 15.3GiB	13MB / 13.2MB	1703063251.363607029	407
580012334ee1	0.39%	16.96MiB / 15.3GiB	13MB / 13.2MB	1703063251.159355596	405
580012334ee1	0.39%	16.96MiB / 15.3GiB	13MB / 13.2MB	1703063251.772151374	411
580012334ee1	0.39%	16.96MiB / 15.3GiB	13MB / 13.2MB	1703063251.465429548	408
580012334ee1	0.39%	16.96MiB / 15.3GiB	13MB / 13.2MB	1703063251.567551626	409
580012334ee1	0.39%	16.96MiB / 15.3GiB	13MB / 13.2MB	1703063251.974059054	413
580012334ee1	0.39%	16.96MiB / 15.3GiB	13MB / 13.2MB	1703063251.874059084	412
580012334ee1	0.39%	16.96MiB / 15.3GiB	13MB / 13.2MB	1703063251.669669207	410
580012334ee1	0.39%	16.96MiB / 15.3GiB	13MB / 13.2MB	1703063252.077302100	414
580012334ee1	0.17%	16.97MiB / 15.3GiB	13MB / 13.2MB	1703063252.179249386	415
580012334ee1	0.17%	16.97MiB / 15.3GiB	13MB / 13.2MB	1703063252.485469426	418
580012334ee1	0.17%	16.97MiB / 15.3GiB	13MB / 13.2MB	1703063252.993847752	423
580012334ee1	0.17%	16.97MiB / 15.3GiB	13MB / 13.2MB	1703063252.587264138	419
580012334ee1	0.17%	16.97MiB / 15.3GiB	13MB / 13.2MB	1703063252.894002847	422
580012334ee1	0.17%	16.97MiB / 15.3GiB	13MB / 13.2MB	1703063252.791863324	421
580012334ee1	0.17%	16.97MiB / 15.3GiB	13MB / 13.2MB	1703063252.689819011	420
580012334ee1	0.17%	16.97MiB / 15.3GiB	13MB / 13.2MB	1703063252.281569173	416
580012334ee1	0.17%	16.97MiB / 15.3GiB	13MB / 13.2MB	1703063252.383527786	417
580012334ee1	0.37%	16.99MiB / 15.3GiB	13MB / 13.3MB	1703063253.913362174	432
580012334ee1	0.37%	16.99MiB / 15.3GiB	13MB / 13.3MB	1703063253.097007226	424
580012334ee1	0.37%	16.99MiB / 15.3GiB	13MB / 13.3MB	1703063253.505572080	428
580012334ee1	0.37%	16.99MiB / 15.3GiB	13MB / 13.3MB	1703063253.199255410	425
580012334ee1	0.37%	16.99MiB / 15.3GiB	13MB / 13.3MB	1703063253.403687980	427
580012334ee1	0.37%	16.99MiB / 15.3GiB	13MB / 13.3MB	1703063253.811657012	431
580012334ee1	0.37%	16.99MiB / 15.3GiB	13MB / 13.3MB	1703063253.301599363	426
580012334ee1	0.37%	16.99MiB / 15.3GiB	13MB / 13.3MB	1703063253.709468974	430
580012334ee1	0.37%	16.99MiB / 15.3GiB	13MB / 13.3MB	1703063254.013261974	433
580012334ee1	0.37%	16.99MiB / 15.3GiB	13MB / 13.3MB	1703063253.607417797	429
580012334ee1	0.21%	17.25MiB / 15.3GiB	13MB / 13.3MB	1703063254.831119228	441
580012334ee1	0.21%	17.25MiB / 15.3GiB	13MB / 13.3MB	1703063254.728941993	440
580012334ee1	0.21%	17.25MiB / 15.3GiB	13MB / 13.3MB	1703063254.932999475	442
580012334ee1	0.21%	17.25MiB / 15.3GiB	13MB / 13.3MB	1703063254.627325058	439
580012334ee1	0.21%	17.25MiB / 15.3GiB	13MB / 13.3MB	1703063254.116394602	434
580012334ee1	0.21%	17.25MiB / 15.3GiB	13MB / 13.3MB	1703063254.320985419	436
580012334ee1	0.21%	17.25MiB / 15.3GiB	13MB / 13.3MB	1703063255.035002497	443
580012334ee1	0.21%	17.25MiB / 15.3GiB	13MB / 13.3MB	1703063254.524958636	438
580012334ee1	0.21%	17.25MiB / 15.3GiB	13MB / 13.3MB	1703063254.422716998	437
580012334ee1	0.21%	17.25MiB / 15.3GiB	13MB / 13.3MB	1703063254.219069747	435
580012334ee1	0.51%	17.06MiB / 15.3GiB	13.1MB / 13.3MB	1703063255.752122412	450
580012334ee1	0.51%	17.06MiB / 15.3GiB	13.1MB / 13.3MB	1703063255.547657859	448
580012334ee1	0.51%	17.06MiB / 15.3GiB	13.1MB / 13.3MB	1703063255.649672775	449
580012334ee1	0.51%	17.06MiB / 15.3GiB	13.1MB / 13.3MB	1703063255.137959471	444
580012334ee1	0.51%	17.06MiB / 15.3GiB	13.1MB / 13.3MB	1703063255.854263403	451
580012334ee1	0.51%	17.06MiB / 15.3GiB	13.1MB / 13.3MB	1703063255.956333832	452
580012334ee1	0.51%	17.06MiB / 15.3GiB	13.1MB / 13.3MB	1703063255.240999971	445
580012334ee1	0.51%	17.06MiB / 15.3GiB	13.1MB / 13.3MB	1703063255.445496732	447
580012334ee1	0.51%	17.06MiB / 15.3GiB	13.1MB / 13.3MB	1703063255.343269865	446
580012334ee1	0.51%	17.06MiB / 15.3GiB	13.1MB / 13.3MB	1703063256.056217792	453
580012334ee1	0.19%	17.06MiB / 15.3GiB	13.1MB / 13.3MB	1703063256.362845499	456
580012334ee1	0.19%	17.06MiB / 15.3GiB	13.1MB / 13.3MB	1703063256.770891034	460
580012334ee1	0.19%	17.06MiB / 15.3GiB	13.1MB / 13.3MB	1703063256.974817588	462
580012334ee1	0.19%	17.06MiB / 15.3GiB	13.1MB / 13.3MB	1703063256.873004420	461
580012334ee1	0.19%	17.06MiB / 15.3GiB	13.1MB / 13.3MB	1703063256.464344127	457
580012334ee1	0.19%	17.06MiB / 15.3GiB	13.1MB / 13.3MB	1703063257.077184776	463
580012334ee1	0.19%	17.06MiB / 15.3GiB	13.1MB / 13.3MB	1703063256.259382548	455
580012334ee1	0.19%	17.06MiB / 15.3GiB	13.1MB / 13.3MB	1703063256.159383060	454
580012334ee1	0.19%	17.06MiB / 15.3GiB	13.1MB / 13.3MB	1703063256.566653010	458
580012334ee1	0.19%	17.06MiB / 15.3GiB	13.1MB / 13.3MB	1703063256.669169047	459
580012334ee1	0.66%	17.21MiB / 15.3GiB	13.1MB / 13.3MB	1703063257.179803893	464
580012334ee1	0.66%	17.21MiB / 15.3GiB	13.1MB / 13.3MB	1703063257.383796139	466
580012334ee1	0.66%	17.21MiB / 15.3GiB	13.1MB / 13.3MB	1703063257.690154437	469
580012334ee1	0.66%	17.21MiB / 15.3GiB	13.1MB / 13.3MB	1703063257.996111814	472
580012334ee1	0.66%	17.21MiB / 15.3GiB	13.1MB / 13.3MB	1703063258.098274832	473
580012334ee1	0.66%	17.21MiB / 15.3GiB	13.1MB / 13.3MB	1703063257.894234378	471
580012334ee1	0.66%	17.21MiB / 15.3GiB	13.1MB / 13.3MB	1703063257.588096451	468
580012334ee1	0.66%	17.21MiB / 15.3GiB	13.1MB / 13.3MB	1703063257.281572599	465
580012334ee1	0.66%	17.21MiB / 15.3GiB	13.1MB / 13.3MB	1703063257.485965868	467
580012334ee1	0.66%	17.21MiB / 15.3GiB	13.1MB / 13.3MB	1703063257.792313837	470
580012334ee1	0.15%	16.96MiB / 15.3GiB	13.1MB / 13.3MB	1703063258.405689657	476
580012334ee1	0.15%	16.96MiB / 15.3GiB	13.1MB / 13.3MB	1703063258.711844633	479
580012334ee1	0.15%	16.96MiB / 15.3GiB	13.1MB / 13.3MB	1703063259.017341189	482
580012334ee1	0.15%	16.96MiB / 15.3GiB	13.1MB / 13.3MB	1703063258.200941604	474
580012334ee1	0.15%	16.96MiB / 15.3GiB	13.1MB / 13.3MB	1703063258.609384140	478
580012334ee1	0.15%	16.96MiB / 15.3GiB	13.1MB / 13.3MB	1703063258.813322061	480
580012334ee1	0.15%	16.96MiB / 15.3GiB	13.1MB / 13.3MB	1703063258.303497591	475
580012334ee1	0.15%	16.96MiB / 15.3GiB	13.1MB / 13.3MB	1703063258.507602591	477
580012334ee1	0.15%	16.96MiB / 15.3GiB	13.1MB / 13.3MB	1703063258.915337894	481
580012334ee1	0.38%	16.98MiB / 15.3GiB	13.1MB / 13.3MB	1703063259.324100000	485
580012334ee1	0.38%	16.98MiB / 15.3GiB	13.1MB / 13.3MB	1703063259.629243810	488
580012334ee1	0.38%	16.98MiB / 15.3GiB	13.1MB / 13.3MB	1703063259.221603154	484
580012334ee1	0.38%	16.98MiB / 15.3GiB	13.1MB / 13.3MB	1703063260.037441122	492
580012334ee1	0.38%	16.98MiB / 15.3GiB	13.1MB / 13.3MB	1703063259.731433278	489
580012334ee1	0.38%	16.98MiB / 15.3GiB	13.1MB / 13.3MB	1703063259.119636453	483
580012334ee1	0.38%	16.98MiB / 15.3GiB	13.1MB / 13.3MB	1703063259.833597141	490
580012334ee1	0.38%	16.98MiB / 15.3GiB	13.1MB / 13.3MB	1703063259.526898259	487
580012334ee1	0.38%	16.98MiB / 15.3GiB	13.1MB / 13.3MB	1703063259.423864292	486
580012334ee1	0.38%	16.98MiB / 15.3GiB	13.1MB / 13.3MB	1703063259.935301552	491
580012334ee1	0.14%	16.98MiB / 15.3GiB	13.1MB / 13.4MB	1703063260.139592545	493
580012334ee1	0.14%	16.98MiB / 15.3GiB	13.1MB / 13.4MB	1703063261.060130973	502
580012334ee1	0.14%	16.98MiB / 15.3GiB	13.1MB / 13.4MB	1703063260.855684905	500
580012334ee1	0.14%	16.98MiB / 15.3GiB	13.1MB / 13.4MB	1703063260.445731566	496
580012334ee1	0.14%	16.98MiB / 15.3GiB	13.1MB / 13.4MB	1703063260.652607903	498
580012334ee1	0.14%	16.98MiB / 15.3GiB	13.1MB / 13.4MB	1703063260.241183121	494
580012334ee1	0.14%	16.98MiB / 15.3GiB	13.1MB / 13.4MB	1703063260.753283569	499
580012334ee1	0.14%	16.98MiB / 15.3GiB	13.1MB / 13.4MB	1703063260.957904498	501
580012334ee1	0.14%	16.98MiB / 15.3GiB	13.1MB / 13.4MB	1703063260.343503422	495
580012334ee1	0.14%	16.98MiB / 15.3GiB	13.1MB / 13.4MB	1703063260.547673887	497
580012334ee1	0.50%	17.01MiB / 15.3GiB	13.1MB / 13.4MB	1703063261.469186413	506
580012334ee1	0.50%	17.01MiB / 15.3GiB	13.1MB / 13.4MB	1703063261.980025508	511
580012334ee1	0.50%	17.01MiB / 15.3GiB	13.1MB / 13.4MB	1703063261.775775498	509
580012334ee1	0.50%	17.01MiB / 15.3GiB	13.1MB / 13.4MB	1703063261.877904860	510
580012334ee1	0.50%	17.01MiB / 15.3GiB	13.1MB / 13.4MB	1703063261.264592083	504
580012334ee1	0.50%	17.01MiB / 15.3GiB	13.1MB / 13.4MB	1703063261.674100141	508
580012334ee1	0.50%	17.01MiB / 15.3GiB	13.1MB / 13.4MB	1703063262.081889098	512
580012334ee1	0.50%	17.01MiB / 15.3GiB	13.1MB / 13.4MB	1703063261.161986474	503
580012334ee1	0.50%	17.01MiB / 15.3GiB	13.1MB / 13.4MB	1703063261.366913597	505
580012334ee1	0.50%	17.01MiB / 15.3GiB	13.1MB / 13.4MB	1703063261.571744804	507
580012334ee1	0.10%	17.27MiB / 15.3GiB	13.1MB / 13.4MB	1703063262.999895470	521
580012334ee1	0.10%	17.27MiB / 15.3GiB	13.1MB / 13.4MB	1703063262.897805839	520
580012334ee1	0.10%	17.27MiB / 15.3GiB	13.1MB / 13.4MB	1703063262.386763025	515
580012334ee1	0.10%	17.27MiB / 15.3GiB	13.1MB / 13.4MB	1703063262.693715158	518
580012334ee1	0.10%	17.27MiB / 15.3GiB	13.1MB / 13.4MB	1703063262.591158540	517
580012334ee1	0.10%	17.27MiB / 15.3GiB	13.1MB / 13.4MB	1703063262.283933157	514
580012334ee1	0.10%	17.27MiB / 15.3GiB	13.1MB / 13.4MB	1703063262.795831629	519
580012334ee1	0.10%	17.27MiB / 15.3GiB	13.1MB / 13.4MB	1703063263.101512151	522
580012334ee1	0.10%	17.27MiB / 15.3GiB	13.1MB / 13.4MB	1703063262.184086128	513
580012334ee1	0.10%	17.27MiB / 15.3GiB	13.1MB / 13.4MB	1703063262.488974075	516
580012334ee1	0.22%	17.27MiB / 15.3GiB	13.1MB / 13.4MB	1703063263.612587587	527
580012334ee1	0.22%	17.27MiB / 15.3GiB	13.1MB / 13.4MB	1703063263.715144009	528
580012334ee1	0.22%	17.27MiB / 15.3GiB	13.1MB / 13.4MB	1703063263.814569316	529
580012334ee1	0.22%	17.27MiB / 15.3GiB	13.1MB / 13.4MB	1703063263.306136932	524
580012334ee1	0.22%	17.27MiB / 15.3GiB	13.1MB / 13.4MB	1703063264.016112061	531
580012334ee1	0.22%	17.27MiB / 15.3GiB	13.1MB / 13.4MB	1703063263.915367801	530
580012334ee1	0.22%	17.27MiB / 15.3GiB	13.1MB / 13.4MB	1703063263.510349678	526
580012334ee1	0.22%	17.27MiB / 15.3GiB	13.1MB / 13.4MB	1703063263.408412764	525
580012334ee1	0.22%	17.27MiB / 15.3GiB	13.1MB / 13.4MB	1703063264.118813744	532
580012334ee1	0.22%	17.27MiB / 15.3GiB	13.1MB / 13.4MB	1703063263.203672630	523
580012334ee1	0.15%	17.03MiB / 15.3GiB	13.1MB / 13.4MB	1703063264.221029866	533
580012334ee1	0.15%	17.03MiB / 15.3GiB	13.1MB / 13.4MB	1703063264.934461749	540
580012334ee1	0.15%	17.03MiB / 15.3GiB	13.1MB / 13.4MB	1703063264.424338063	535
580012334ee1	0.15%	17.03MiB / 15.3GiB	13.1MB / 13.4MB	1703063264.832914979	539
580012334ee1	0.15%	17.03MiB / 15.3GiB	13.1MB / 13.4MB	1703063264.730400966	538
580012334ee1	0.15%	17.03MiB / 15.3GiB	13.1MB / 13.4MB	1703063264.526212667	536
580012334ee1	0.15%	17.03MiB / 15.3GiB	13.1MB / 13.4MB	1703063265.036864175	541
580012334ee1	0.15%	17.03MiB / 15.3GiB	13.1MB / 13.4MB	1703063264.628377976	537
580012334ee1	0.15%	17.03MiB / 15.3GiB	13.1MB / 13.4MB	1703063264.321100973	534
580012334ee1	0.33%	17.28MiB / 15.3GiB	13.1MB / 13.4MB	1703063265.954998001	550
580012334ee1	0.33%	17.28MiB / 15.3GiB	13.1MB / 13.4MB	1703063265.445714166	545
580012334ee1	0.33%	17.28MiB / 15.3GiB	13.1MB / 13.4MB	1703063265.138987836	542
580012334ee1	0.33%	17.28MiB / 15.3GiB	13.1MB / 13.4MB	1703063266.056653754	551
580012334ee1	0.33%	17.28MiB / 15.3GiB	13.1MB / 13.4MB	1703063265.343256310	544
580012334ee1	0.33%	17.28MiB / 15.3GiB	13.1MB / 13.4MB	1703063265.649744757	547
580012334ee1	0.33%	17.28MiB / 15.3GiB	13.1MB / 13.4MB	1703063265.240901233	543
580012334ee1	0.33%	17.28MiB / 15.3GiB	13.1MB / 13.4MB	1703063265.749597253	548
580012334ee1	0.33%	17.28MiB / 15.3GiB	13.1MB / 13.4MB	1703063265.547559398	546
580012334ee1	0.33%	17.28MiB / 15.3GiB	13.1MB / 13.4MB	1703063265.852772906	549
580012334ee1	0.15%	17.29MiB / 15.3GiB	13.2MB / 13.4MB	1703063266.974356876	560
580012334ee1	0.15%	17.29MiB / 15.3GiB	13.2MB / 13.4MB	1703063266.668436541	557
580012334ee1	0.15%	17.29MiB / 15.3GiB	13.2MB / 13.4MB	1703063266.463664944	555
580012334ee1	0.15%	17.29MiB / 15.3GiB	13.2MB / 13.4MB	1703063266.158474352	552
580012334ee1	0.15%	17.29MiB / 15.3GiB	13.2MB / 13.4MB	1703063266.872757577	559
580012334ee1	0.15%	17.29MiB / 15.3GiB	13.2MB / 13.4MB	1703063267.076528126	561
580012334ee1	0.15%	17.29MiB / 15.3GiB	13.2MB / 13.4MB	1703063266.260455618	553
580012334ee1	0.15%	17.29MiB / 15.3GiB	13.2MB / 13.4MB	1703063266.565748021	556
580012334ee1	0.15%	17.29MiB / 15.3GiB	13.2MB / 13.4MB	1703063266.770404377	558
580012334ee1	0.15%	17.29MiB / 15.3GiB	13.2MB / 13.4MB	1703063266.360402142	554
580012334ee1	0.15%	17.04MiB / 15.3GiB	13.2MB / 13.4MB	1703063267.280747611	563
580012334ee1	0.15%	17.04MiB / 15.3GiB	13.2MB / 13.4MB	1703063267.688559626	567
580012334ee1	0.15%	17.04MiB / 15.3GiB	13.2MB / 13.4MB	1703063267.994452852	570
580012334ee1	0.15%	17.04MiB / 15.3GiB	13.2MB / 13.4MB	1703063268.096489141	571
580012334ee1	0.15%	17.04MiB / 15.3GiB	13.2MB / 13.4MB	1703063267.483777823	565
580012334ee1	0.15%	17.04MiB / 15.3GiB	13.2MB / 13.4MB	1703063267.178756905	562
580012334ee1	0.15%	17.04MiB / 15.3GiB	13.2MB / 13.4MB	1703063267.380627346	564
580012334ee1	0.15%	17.04MiB / 15.3GiB	13.2MB / 13.4MB	1703063267.892782120	569
580012334ee1	0.15%	17.04MiB / 15.3GiB	13.2MB / 13.4MB	1703063267.790429375	568
580012334ee1	0.15%	17.04MiB / 15.3GiB	13.2MB / 13.4MB	1703063267.585859385	566
580012334ee1	0.16%	17.29MiB / 15.3GiB	13.2MB / 13.4MB	1703063268.811531680	578
580012334ee1	0.16%	17.29MiB / 15.3GiB	13.2MB / 13.4MB	1703063269.015177815	580
580012334ee1	0.16%	17.29MiB / 15.3GiB	13.2MB / 13.4MB	1703063268.504855844	575
580012334ee1	0.16%	17.29MiB / 15.3GiB	13.2MB / 13.4MB	1703063268.913292030	579
580012334ee1	0.16%	17.29MiB / 15.3GiB	13.2MB / 13.4MB	1703063269.117044105	581
580012334ee1	0.16%	17.29MiB / 15.3GiB	13.2MB / 13.4MB	1703063268.709075878	577
580012334ee1	0.16%	17.29MiB / 15.3GiB	13.2MB / 13.4MB	1703063268.198689329	572
580012334ee1	0.16%	17.29MiB / 15.3GiB	13.2MB / 13.4MB	1703063268.606994606	576
580012334ee1	0.16%	17.29MiB / 15.3GiB	13.2MB / 13.4MB	1703063268.300714499	573
580012334ee1	0.16%	17.29MiB / 15.3GiB	13.2MB / 13.4MB	1703063268.402584435	574
580012334ee1	0.89%	17.18MiB / 15.3GiB	13.3MB / 13.5MB	1703063269.219131954	582
580012334ee1	0.89%	17.18MiB / 15.3GiB	13.3MB / 13.5MB	1703063270.037278985	590
580012334ee1	0.89%	17.18MiB / 15.3GiB	13.3MB / 13.5MB	1703063269.321362790	583
580012334ee1	0.89%	17.18MiB / 15.3GiB	13.3MB / 13.5MB	1703063270.139364527	591
580012334ee1	0.89%	17.18MiB / 15.3GiB	13.3MB / 13.5MB	1703063269.935340820	589
580012334ee1	0.89%	17.18MiB / 15.3GiB	13.3MB / 13.5MB	1703063269.730695978	587
580012334ee1	0.89%	17.18MiB / 15.3GiB	13.3MB / 13.5MB	1703063269.833423815	588
580012334ee1	0.89%	17.18MiB / 15.3GiB	13.3MB / 13.5MB	1703063269.525949799	585
580012334ee1	0.89%	17.18MiB / 15.3GiB	13.3MB / 13.5MB	1703063269.628437932	586
580012334ee1	0.89%	17.18MiB / 15.3GiB	13.3MB / 13.5MB	1703063269.423394647	584
580012334ee1	0.20%	17.07MiB / 15.3GiB	13.3MB / 13.5MB	1703063270.956070616	599
580012334ee1	0.20%	17.07MiB / 15.3GiB	13.3MB / 13.5MB	1703063270.648758914	596
580012334ee1	0.20%	17.07MiB / 15.3GiB	13.3MB / 13.5MB	1703063270.343262012	593
580012334ee1	0.20%	17.07MiB / 15.3GiB	13.3MB / 13.5MB	1703063270.239132631	592
580012334ee1	0.20%	17.07MiB / 15.3GiB	13.3MB / 13.5MB	1703063270.751266481	597
580012334ee1	0.20%	17.07MiB / 15.3GiB	13.3MB / 13.5MB	1703063270.853748389	598
580012334ee1	0.20%	17.07MiB / 15.3GiB	13.3MB / 13.5MB	1703063270.445411432	594
580012334ee1	0.20%	17.07MiB / 15.3GiB	13.3MB / 13.5MB	1703063270.546238267	595
580012334ee1	0.20%	17.07MiB / 15.3GiB	13.3MB / 13.5MB	1703063271.058602060	600
580012334ee1	0.05%	17.07MiB / 15.3GiB	13.3MB / 13.5MB	1703063271.364973176	603
580012334ee1	0.05%	17.07MiB / 15.3GiB	13.3MB / 13.5MB	1703063271.773609470	607
580012334ee1	0.05%	17.07MiB / 15.3GiB	13.3MB / 13.5MB	1703063272.079717268	610
580012334ee1	0.05%	17.07MiB / 15.3GiB	13.3MB / 13.5MB	1703063271.875639013	608
580012334ee1	0.05%	17.07MiB / 15.3GiB	13.3MB / 13.5MB	1703063271.160852010	601
580012334ee1	0.05%	17.07MiB / 15.3GiB	13.3MB / 13.5MB	1703063271.262845230	602
580012334ee1	0.05%	17.07MiB / 15.3GiB	13.3MB / 13.5MB	1703063271.671511035	606
580012334ee1	0.05%	17.07MiB / 15.3GiB	13.3MB / 13.5MB	1703063271.467298328	604
580012334ee1	0.05%	17.07MiB / 15.3GiB	13.3MB / 13.5MB	1703063271.569558226	605
580012334ee1	0.05%	17.07MiB / 15.3GiB	13.3MB / 13.5MB	1703063271.977813160	609
580012334ee1	1.23%	17.09MiB / 15.3GiB	13.5MB / 13.8MB	1703063272.385832890	613
580012334ee1	1.23%	17.09MiB / 15.3GiB	13.5MB / 13.8MB	1703063272.791471047	617
580012334ee1	1.23%	17.09MiB / 15.3GiB	13.5MB / 13.8MB	1703063273.097445712	620
580012334ee1	1.23%	17.09MiB / 15.3GiB	13.5MB / 13.8MB	1703063272.688258691	616
580012334ee1	1.23%	17.09MiB / 15.3GiB	13.5MB / 13.8MB	1703063272.283761549	612
580012334ee1	1.23%	17.09MiB / 15.3GiB	13.5MB / 13.8MB	1703063272.487518349	614
580012334ee1	1.23%	17.09MiB / 15.3GiB	13.5MB / 13.8MB	1703063272.995474360	619
580012334ee1	1.23%	17.09MiB / 15.3GiB	13.5MB / 13.8MB	1703063272.587587265	615
580012334ee1	1.23%	17.09MiB / 15.3GiB	13.5MB / 13.8MB	1703063272.893467326	618
580012334ee1	1.23%	17.09MiB / 15.3GiB	13.5MB / 13.8MB	1703063272.181855624	611
580012334ee1	0.46%	17.23MiB / 15.3GiB	13.6MB / 13.8MB	1703063273.403864547	623
580012334ee1	0.46%	17.23MiB / 15.3GiB	13.6MB / 13.8MB	1703063273.199966615	621
580012334ee1	0.46%	17.23MiB / 15.3GiB	13.6MB / 13.8MB	1703063274.119231004	630
580012334ee1	0.46%	17.23MiB / 15.3GiB	13.6MB / 13.8MB	1703063273.300825996	622
580012334ee1	0.46%	17.23MiB / 15.3GiB	13.6MB / 13.8MB	1703063273.915180087	628
580012334ee1	0.46%	17.23MiB / 15.3GiB	13.6MB / 13.8MB	1703063273.813111506	627
580012334ee1	0.46%	17.23MiB / 15.3GiB	13.6MB / 13.8MB	1703063274.017330278	629
580012334ee1	0.46%	17.23MiB / 15.3GiB	13.6MB / 13.8MB	1703063273.608363455	625
580012334ee1	0.46%	17.23MiB / 15.3GiB	13.6MB / 13.8MB	1703063273.710834614	626
580012334ee1	0.46%	17.23MiB / 15.3GiB	13.6MB / 13.8MB	1703063273.505924393	624
580012334ee1	0.14%	16.98MiB / 15.3GiB	13.6MB / 13.8MB	1703063275.140139661	640
580012334ee1	0.14%	16.98MiB / 15.3GiB	13.6MB / 13.8MB	1703063275.037705753	639
580012334ee1	0.14%	16.98MiB / 15.3GiB	13.6MB / 13.8MB	1703063274.324138486	632
580012334ee1	0.14%	16.98MiB / 15.3GiB	13.6MB / 13.8MB	1703063274.730875716	636
580012334ee1	0.14%	16.98MiB / 15.3GiB	13.6MB / 13.8MB	1703063274.935645163	638
580012334ee1	0.14%	16.98MiB / 15.3GiB	13.6MB / 13.8MB	1703063274.627108585	635
580012334ee1	0.14%	16.98MiB / 15.3GiB	13.6MB / 13.8MB	1703063274.833553262	637
580012334ee1	0.14%	16.98MiB / 15.3GiB	13.6MB / 13.8MB	1703063274.426735542	633
580012334ee1	0.14%	16.98MiB / 15.3GiB	13.6MB / 13.8MB	1703063274.526508094	634
580012334ee1	0.14%	16.98MiB / 15.3GiB	13.6MB / 13.8MB	1703063274.221589925	631
580012334ee1	0.20%	16.98MiB / 15.3GiB	13.6MB / 13.8MB	1703063276.163849579	650
580012334ee1	0.20%	16.98MiB / 15.3GiB	13.6MB / 13.8MB	1703063275.959174370	648
580012334ee1	0.20%	16.98MiB / 15.3GiB	13.6MB / 13.8MB	1703063276.061225481	649
580012334ee1	0.20%	16.98MiB / 15.3GiB	13.6MB / 13.8MB	1703063275.651626040	645
580012334ee1	0.20%	16.98MiB / 15.3GiB	13.6MB / 13.8MB	1703063275.446875054	643
580012334ee1	0.20%	16.98MiB / 15.3GiB	13.6MB / 13.8MB	1703063275.754145863	646
580012334ee1	0.20%	16.98MiB / 15.3GiB	13.6MB / 13.8MB	1703063275.242018598	641
580012334ee1	0.20%	16.98MiB / 15.3GiB	13.6MB / 13.8MB	1703063275.344709284	642
580012334ee1	0.20%	16.98MiB / 15.3GiB	13.6MB / 13.8MB	1703063275.549033013	644
580012334ee1	0.20%	16.98MiB / 15.3GiB	13.6MB / 13.8MB	1703063275.856979988	647
580012334ee1	0.11%	16.98MiB / 15.3GiB	13.6MB / 13.8MB	1703063276.573169153	654
580012334ee1	0.11%	16.98MiB / 15.3GiB	13.6MB / 13.8MB	1703063276.777521910	656
580012334ee1	0.11%	16.98MiB / 15.3GiB	13.6MB / 13.8MB	1703063276.879793616	657
580012334ee1	0.11%	16.98MiB / 15.3GiB	13.6MB / 13.8MB	1703063276.675158214	655
580012334ee1	0.11%	16.98MiB / 15.3GiB	13.6MB / 13.8MB	1703063277.084040844	659
580012334ee1	0.11%	16.98MiB / 15.3GiB	13.6MB / 13.8MB	1703063276.266044048	651
580012334ee1	0.11%	16.98MiB / 15.3GiB	13.6MB / 13.8MB	1703063276.471045200	653
580012334ee1	0.11%	16.98MiB / 15.3GiB	13.6MB / 13.8MB	1703063276.368561595	652
580012334ee1	0.11%	16.98MiB / 15.3GiB	13.6MB / 13.8MB	1703063276.981783365	658
580012334ee1	0.20%	17.23MiB / 15.3GiB	13.6MB / 13.8MB	1703063277.390895236	662
580012334ee1	0.20%	17.23MiB / 15.3GiB	13.6MB / 13.8MB	1703063278.104775831	669
580012334ee1	0.20%	17.23MiB / 15.3GiB	13.6MB / 13.8MB	1703063277.186327986	660
580012334ee1	0.20%	17.23MiB / 15.3GiB	13.6MB / 13.8MB	1703063277.797387543	666
580012334ee1	0.20%	17.23MiB / 15.3GiB	13.6MB / 13.8MB	1703063277.900319445	667
580012334ee1	0.20%	17.23MiB / 15.3GiB	13.6MB / 13.8MB	1703063277.595268170	664
580012334ee1	0.20%	17.23MiB / 15.3GiB	13.6MB / 13.8MB	1703063278.002732468	668
580012334ee1	0.20%	17.23MiB / 15.3GiB	13.6MB / 13.8MB	1703063277.697125813	665
580012334ee1	0.20%	17.23MiB / 15.3GiB	13.6MB / 13.8MB	1703063277.288376092	661
580012334ee1	0.20%	17.23MiB / 15.3GiB	13.6MB / 13.8MB	1703063277.493089447	663
580012334ee1	0.33%	17.23MiB / 15.3GiB	13.6MB / 13.8MB	1703063279.025026460	678
580012334ee1	0.33%	17.23MiB / 15.3GiB	13.6MB / 13.8MB	1703063278.720181310	675
580012334ee1	0.33%	17.23MiB / 15.3GiB	13.6MB / 13.8MB	1703063279.127226439	679
580012334ee1	0.33%	17.23MiB / 15.3GiB	13.6MB / 13.8MB	1703063278.411250932	672
580012334ee1	0.33%	17.23MiB / 15.3GiB	13.6MB / 13.8MB	1703063278.819455627	676
580012334ee1	0.33%	17.23MiB / 15.3GiB	13.6MB / 13.8MB	1703063278.922780733	677
580012334ee1	0.33%	17.23MiB / 15.3GiB	13.6MB / 13.8MB	1703063278.309174429	671
580012334ee1	0.33%	17.23MiB / 15.3GiB	13.6MB / 13.8MB	1703063278.513219678	673
580012334ee1	0.33%	17.23MiB / 15.3GiB	13.6MB / 13.8MB	1703063278.206869969	670
580012334ee1	0.33%	17.23MiB / 15.3GiB	13.6MB / 13.8MB	1703063278.615326021	674
580012334ee1	0.24%	16.98MiB / 15.3GiB	13.6MB / 13.8MB	1703063279.229531942	680
580012334ee1	0.24%	16.98MiB / 15.3GiB	13.6MB / 13.8MB	1703063280.045716785	688
580012334ee1	0.24%	16.98MiB / 15.3GiB	13.6MB / 13.8MB	1703063279.841534481	686
580012334ee1	0.24%	16.98MiB / 15.3GiB	13.6MB / 13.8MB	1703063279.332144928	681
580012334ee1	0.24%	16.98MiB / 15.3GiB	13.6MB / 13.8MB	1703063279.943401928	687
580012334ee1	0.24%	16.98MiB / 15.3GiB	13.6MB / 13.8MB	1703063279.533826234	683
580012334ee1	0.24%	16.98MiB / 15.3GiB	13.6MB / 13.8MB	1703063279.739276928	685
580012334ee1	0.24%	16.98MiB / 15.3GiB	13.6MB / 13.8MB	1703063280.148068816	689
580012334ee1	0.24%	16.98MiB / 15.3GiB	13.6MB / 13.8MB	1703063279.637002881	684
580012334ee1	0.24%	16.98MiB / 15.3GiB	13.6MB / 13.8MB	1703063279.433935368	682
580012334ee1	0.17%	16.98MiB / 15.3GiB	13.6MB / 13.8MB	1703063280.760910447	695
580012334ee1	0.17%	16.98MiB / 15.3GiB	13.6MB / 13.8MB	1703063280.658546062	694
580012334ee1	0.17%	16.98MiB / 15.3GiB	13.6MB / 13.8MB	1703063280.454414147	692
580012334ee1	0.17%	16.98MiB / 15.3GiB	13.6MB / 13.8MB	1703063280.863246798	696
580012334ee1	0.17%	16.98MiB / 15.3GiB	13.6MB / 13.8MB	1703063281.169209925	699
580012334ee1	0.17%	16.98MiB / 15.3GiB	13.6MB / 13.8MB	1703063280.556240041	693
580012334ee1	0.17%	16.98MiB / 15.3GiB	13.6MB / 13.8MB	1703063280.965115508	697
580012334ee1	0.17%	16.98MiB / 15.3GiB	13.6MB / 13.8MB	1703063281.067385348	698
580012334ee1	0.17%	16.98MiB / 15.3GiB	13.6MB / 13.8MB	1703063280.249836533	690
580012334ee1	0.17%	16.98MiB / 15.3GiB	13.6MB / 13.8MB	1703063280.352375222	691
580012334ee1	0.23%	16.99MiB / 15.3GiB	13.6MB / 13.8MB	1703063281.373846664	701
580012334ee1	0.23%	16.99MiB / 15.3GiB	13.6MB / 13.8MB	1703063282.190447415	709
580012334ee1	0.23%	16.99MiB / 15.3GiB	13.6MB / 13.8MB	1703063281.986202582	707
580012334ee1	0.23%	16.99MiB / 15.3GiB	13.6MB / 13.8MB	1703063281.271536687	700
580012334ee1	0.23%	16.99MiB / 15.3GiB	13.6MB / 13.8MB	1703063281.782039582	705
580012334ee1	0.23%	16.99MiB / 15.3GiB	13.6MB / 13.8MB	1703063281.475770469	702
580012334ee1	0.23%	16.99MiB / 15.3GiB	13.6MB / 13.8MB	1703063281.884249489	706
580012334ee1	0.23%	16.99MiB / 15.3GiB	13.6MB / 13.8MB	1703063281.577747409	703
580012334ee1	0.23%	16.99MiB / 15.3GiB	13.6MB / 13.8MB	1703063282.088439791	708
580012334ee1	0.23%	16.99MiB / 15.3GiB	13.6MB / 13.8MB	1703063281.679876460	704
580012334ee1	0.15%	16.99MiB / 15.3GiB	13.6MB / 13.8MB	1703063283.006768820	717
580012334ee1	0.15%	16.99MiB / 15.3GiB	13.6MB / 13.8MB	1703063282.701625937	714
580012334ee1	0.15%	16.99MiB / 15.3GiB	13.6MB / 13.8MB	1703063282.599825972	713
580012334ee1	0.15%	16.99MiB / 15.3GiB	13.6MB / 13.8MB	1703063282.292490564	710
580012334ee1	0.15%	16.99MiB / 15.3GiB	13.6MB / 13.8MB	1703063282.497455448	712
580012334ee1	0.15%	16.99MiB / 15.3GiB	13.6MB / 13.8MB	1703063282.803583528	715
580012334ee1	0.15%	16.99MiB / 15.3GiB	13.6MB / 13.8MB	1703063283.109415898	718
580012334ee1	0.15%	16.99MiB / 15.3GiB	13.6MB / 13.8MB	1703063282.906327586	716
580012334ee1	0.15%	16.99MiB / 15.3GiB	13.6MB / 13.8MB	1703063282.394975715	711
580012334ee1	0.18%	17.23MiB / 15.3GiB	13.6MB / 13.8MB	1703063283.721486553	724
580012334ee1	0.18%	17.23MiB / 15.3GiB	13.6MB / 13.8MB	1703063283.313248671	720
580012334ee1	0.18%	17.23MiB / 15.3GiB	13.6MB / 13.8MB	1703063283.823721189	725
580012334ee1	0.18%	17.23MiB / 15.3GiB	13.6MB / 13.8MB	1703063284.129465606	728
580012334ee1	0.18%	17.23MiB / 15.3GiB	13.6MB / 13.8MB	1703063283.619646472	723
580012334ee1	0.18%	17.23MiB / 15.3GiB	13.6MB / 13.8MB	1703063283.211209429	719
580012334ee1	0.18%	17.23MiB / 15.3GiB	13.6MB / 13.8MB	1703063284.027708479	727
580012334ee1	0.18%	17.23MiB / 15.3GiB	13.6MB / 13.8MB	1703063283.925696104	726
580012334ee1	0.18%	17.23MiB / 15.3GiB	13.6MB / 13.8MB	1703063283.517165294	722
580012334ee1	0.18%	17.23MiB / 15.3GiB	13.6MB / 13.8MB	1703063283.415783151	721
580012334ee1	0.16%	16.99MiB / 15.3GiB	13.6MB / 13.8MB	1703063285.050584280	737
580012334ee1	0.16%	16.99MiB / 15.3GiB	13.6MB / 13.8MB	1703063284.231458413	729
580012334ee1	0.16%	16.99MiB / 15.3GiB	13.6MB / 13.8MB	1703063284.948499207	736
580012334ee1	0.16%	16.99MiB / 15.3GiB	13.6MB / 13.8MB	1703063285.152765760	738
580012334ee1	0.16%	16.99MiB / 15.3GiB	13.6MB / 13.8MB	1703063284.745553173	734
580012334ee1	0.16%	16.99MiB / 15.3GiB	13.6MB / 13.8MB	1703063284.333817080	730
580012334ee1	0.16%	16.99MiB / 15.3GiB	13.6MB / 13.8MB	1703063284.436306315	731
580012334ee1	0.16%	16.99MiB / 15.3GiB	13.6MB / 13.8MB	1703063284.641101496	733
580012334ee1	0.16%	16.99MiB / 15.3GiB	13.6MB / 13.8MB	1703063284.846573844	735
580012334ee1	0.16%	16.99MiB / 15.3GiB	13.6MB / 13.8MB	1703063284.538487348	732
580012334ee1	0.17%	17.24MiB / 15.3GiB	13.6MB / 13.8MB	1703063285.868047810	745
580012334ee1	0.17%	17.24MiB / 15.3GiB	13.6MB / 13.8MB	1703063285.969697929	746
580012334ee1	0.17%	17.24MiB / 15.3GiB	13.6MB / 13.8MB	1703063285.765512858	744
580012334ee1	0.17%	17.24MiB / 15.3GiB	13.6MB / 13.8MB	1703063285.459536697	741
580012334ee1	0.17%	17.24MiB / 15.3GiB	13.6MB / 13.8MB	1703063285.663241640	743
580012334ee1	0.17%	17.24MiB / 15.3GiB	13.6MB / 13.8MB	1703063286.173434560	748
580012334ee1	0.17%	17.24MiB / 15.3GiB	13.6MB / 13.8MB	1703063286.071505488	747
580012334ee1	0.17%	17.24MiB / 15.3GiB	13.6MB / 13.8MB	1703063285.561253899	742
580012334ee1	0.17%	17.24MiB / 15.3GiB	13.6MB / 13.8MB	1703063285.357531046	740
580012334ee1	0.17%	17.24MiB / 15.3GiB	13.6MB / 13.8MB	1703063285.255006191	739
580012334ee1	0.19%	16.99MiB / 15.3GiB	13.6MB / 13.8MB	1703063286.378089647	750
580012334ee1	0.19%	16.99MiB / 15.3GiB	13.6MB / 13.8MB	1703063286.275608977	749
